<?xml version="1.0" encoding="UTF-8"?>
<!-- Generated by org.testng.reporters.JUnitReportReporter -->
<testsuite hostname="ZLS-PC" name="cn.testutils.AppTest" tests="1" failures="0" timestamp="27 Apr 2018 06:31:03 GMT" time="0.006" errors="0">
  <testcase name="shouldAnswerWithTrue" time="0.006" classname="cn.testutils.AppTest"/>
</testsuite> <!-- cn.testutils.AppTest -->
