<?xml version="1.0" encoding="UTF-8"?>
<!-- Generated by org.testng.reporters.JUnitReportReporter -->
<testsuite hostname="ZLS-PC" name="cn.testutils.service.RRServiceTest" tests="1" failures="0" timestamp="27 Apr 2018 06:43:00 GMT" time="0.157" errors="0">
  <testcase name="fun" time="0.157" classname="cn.testutils.service.RRServiceTest"/>
</testsuite> <!-- cn.testutils.service.RRServiceTest -->
