<?xml version="1.0" encoding="UTF-8"?>
<testsuite xmlns:xsi="http://www.w3.org/2001/XMLSchema-instance" xsi:noNamespaceSchemaLocation="https://maven.apache.org/surefire/maven-surefire-plugin/xsd/surefire-test-report.xsd" name="cn.testutils.AppTest" time="0.511" tests="1" errors="0" skipped="0" failures="0">
  <properties>
    <property name="sun.desktop" value="windows"/>
    <property name="awt.toolkit" value="sun.awt.windows.WToolkit"/>
    <property name="file.encoding.pkg" value="sun.io"/>
    <property name="java.specification.version" value="1.8"/>
    <property name="sun.cpu.isalist" value="amd64"/>
    <property name="sun.jnu.encoding" value="GBK"/>
    <property name="java.class.path" value="D:\myCode\TestUtils\testutils_courtship\testutils_courtship_service\target\test-classes;D:\myCode\TestUtils\testutils_courtship\testutils_courtship_service\target\classes;D:\WEB_maven\repo\junit\junit\4.12\junit-4.12.jar;D:\WEB_maven\repo\org\hamcrest\hamcrest-core\1.3\hamcrest-core-1.3.jar;D:\WEB_maven\repo\org\springframework\spring-core\4.2.4.RELEASE\spring-core-4.2.4.RELEASE.jar;D:\WEB_maven\repo\commons-logging\commons-logging\1.2\commons-logging-1.2.jar;D:\WEB_maven\repo\org\springframework\spring-context\4.2.4.RELEASE\spring-context-4.2.4.RELEASE.jar;D:\WEB_maven\repo\org\springframework\spring-beans\4.2.4.RELEASE\spring-beans-4.2.4.RELEASE.jar;D:\WEB_maven\repo\org\springframework\spring-web\4.2.4.RELEASE\spring-web-4.2.4.RELEASE.jar;D:\WEB_maven\repo\org\springframework\spring-webmvc\4.2.4.RELEASE\spring-webmvc-4.2.4.RELEASE.jar;D:\WEB_maven\repo\org\springframework\spring-jdbc\4.2.4.RELEASE\spring-jdbc-4.2.4.RELEASE.jar;D:\WEB_maven\repo\org\springframework\spring-aspects\4.2.4.RELEASE\spring-aspects-4.2.4.RELEASE.jar;D:\WEB_maven\repo\org\aspectj\aspectjweaver\1.8.7\aspectjweaver-1.8.7.jar;D:\WEB_maven\repo\org\springframework\spring-jms\4.2.4.RELEASE\spring-jms-4.2.4.RELEASE.jar;D:\WEB_maven\repo\org\springframework\spring-messaging\4.2.4.RELEASE\spring-messaging-4.2.4.RELEASE.jar;D:\WEB_maven\repo\org\springframework\spring-orm\4.2.4.RELEASE\spring-orm-4.2.4.RELEASE.jar;D:\WEB_maven\repo\org\springframework\spring-aop\4.2.4.RELEASE\spring-aop-4.2.4.RELEASE.jar;D:\WEB_maven\repo\aopalliance\aopalliance\1.0\aopalliance-1.0.jar;D:\WEB_maven\repo\org\springframework\spring-oxm\4.2.4.RELEASE\spring-oxm-4.2.4.RELEASE.jar;D:\WEB_maven\repo\org\springframework\spring-expression\4.2.4.RELEASE\spring-expression-4.2.4.RELEASE.jar;D:\WEB_maven\repo\org\springframework\spring-context-support\4.2.4.RELEASE\spring-context-support-4.2.4.RELEASE.jar;D:\WEB_maven\repo\org\springframework\spring-tx\4.2.4.RELEASE\spring-tx-4.2.4.RELEASE.jar;D:\WEB_maven\repo\org\springframework\spring-test\4.2.4.RELEASE\spring-test-4.2.4.RELEASE.jar;D:\WEB_maven\repo\org\testng\testng\6.8\testng-6.8.jar;D:\WEB_maven\repo\org\beanshell\bsh\2.0b4\bsh-2.0b4.jar;D:\WEB_maven\repo\com\beust\jcommander\1.27\jcommander-1.27.jar;D:\WEB_maven\repo\org\yaml\snakeyaml\1.6\snakeyaml-1.6.jar;D:\WEB_maven\repo\org\mybatis\mybatis\3.4.4\mybatis-3.4.4.jar;D:\WEB_maven\repo\org\mybatis\mybatis-spring\1.3.0\mybatis-spring-1.3.0.jar;D:\WEB_maven\repo\com\github\miemiedev\mybatis-paginator\1.2.7\mybatis-paginator-1.2.7.jar;D:\WEB_maven\repo\org\mybatis\generator\mybatis-generator\1.3.2\mybatis-generator-1.3.2.jar;D:\WEB_maven\repo\com\github\pagehelper\pagehelper\4.1.1\pagehelper-4.1.1.jar;D:\WEB_maven\repo\com\github\jsqlparser\jsqlparser\0.9.1\jsqlparser-0.9.1.jar;D:\WEB_maven\repo\commons-dbcp\commons-dbcp\1.4\commons-dbcp-1.4.jar;D:\WEB_maven\repo\commons-pool\commons-pool\1.5.4\commons-pool-1.5.4.jar;D:\WEB_maven\repo\com\alibaba\druid\1.0.9\druid-1.0.9.jar;C:\Program Files\Java\jdk1.8.0_91\jre\..\lib\jconsole.jar;C:\Program Files\Java\jdk1.8.0_91\jre\..\lib\tools.jar;D:\WEB_maven\repo\com\alibaba\dubbo\2.5.3\dubbo-2.5.3.jar;D:\WEB_maven\repo\org\javassist\javassist\3.15.0-GA\javassist-3.15.0-GA.jar;D:\WEB_maven\repo\org\apache\zookeeper\zookeeper\3.4.7\zookeeper-3.4.7.jar;D:\WEB_maven\repo\org\slf4j\slf4j-api\1.6.1\slf4j-api-1.6.1.jar;D:\WEB_maven\repo\org\slf4j\slf4j-log4j12\1.6.4\slf4j-log4j12-1.6.4.jar;D:\WEB_maven\repo\log4j\log4j\1.2.16\log4j-1.2.16.jar;D:\WEB_maven\repo\jline\jline\0.9.94\jline-0.9.94.jar;D:\WEB_maven\repo\io\netty\netty\3.7.0.Final\netty-3.7.0.Final.jar;D:\WEB_maven\repo\com\github\sgroschupf\zkclient\0.1\zkclient-0.1.jar;D:\WEB_maven\repo\com\fasterxml\jackson\core\jackson-core\2.4.2\jackson-core-2.4.2.jar;D:\WEB_maven\repo\com\fasterxml\jackson\core\jackson-databind\2.4.2\jackson-databind-2.4.2.jar;D:\WEB_maven\repo\com\fasterxml\jackson\core\jackson-annotations\2.4.0\jackson-annotations-2.4.0.jar;D:\WEB_maven\repo\org\apache\maven\surefire\surefire-testng-utils\2.20.1\surefire-testng-utils-2.20.1.jar;D:\WEB_maven\repo\org\apache\maven\surefire\surefire-grouper\2.20.1\surefire-grouper-2.20.1.jar;"/>
    <property name="java.vm.vendor" value="Oracle Corporation"/>
    <property name="sun.arch.data.model" value="64"/>
    <property name="user.variant" value=""/>
    <property name="java.vendor.url" value="http://java.oracle.com/"/>
    <property name="user.timezone" value=""/>
    <property name="java.vm.specification.version" value="1.8"/>
    <property name="os.name" value="Windows 10"/>
    <property name="user.country" value="CN"/>
    <property name="sun.java.launcher" value="SUN_STANDARD"/>
    <property name="sun.boot.library.path" value="C:\Program Files\Java\jdk1.8.0_91\jre\bin"/>
    <property name="sun.java.command" value="C:\Users\ZLS\AppData\Local\Temp\surefire7923685543921765625\surefirebooter2187224128037473575.jar C:\Users\ZLS\AppData\Local\Temp\surefire7923685543921765625 2018-04-27T14-30-58_114-jvmRun1 surefire4064497828631035732tmp surefire_15335690182863144730tmp"/>
    <property name="surefire.test.class.path" value="D:\myCode\TestUtils\testutils_courtship\testutils_courtship_service\target\test-classes;D:\myCode\TestUtils\testutils_courtship\testutils_courtship_service\target\classes;D:\WEB_maven\repo\junit\junit\4.12\junit-4.12.jar;D:\WEB_maven\repo\org\hamcrest\hamcrest-core\1.3\hamcrest-core-1.3.jar;D:\WEB_maven\repo\org\springframework\spring-core\4.2.4.RELEASE\spring-core-4.2.4.RELEASE.jar;D:\WEB_maven\repo\commons-logging\commons-logging\1.2\commons-logging-1.2.jar;D:\WEB_maven\repo\org\springframework\spring-context\4.2.4.RELEASE\spring-context-4.2.4.RELEASE.jar;D:\WEB_maven\repo\org\springframework\spring-beans\4.2.4.RELEASE\spring-beans-4.2.4.RELEASE.jar;D:\WEB_maven\repo\org\springframework\spring-web\4.2.4.RELEASE\spring-web-4.2.4.RELEASE.jar;D:\WEB_maven\repo\org\springframework\spring-webmvc\4.2.4.RELEASE\spring-webmvc-4.2.4.RELEASE.jar;D:\WEB_maven\repo\org\springframework\spring-jdbc\4.2.4.RELEASE\spring-jdbc-4.2.4.RELEASE.jar;D:\WEB_maven\repo\org\springframework\spring-aspects\4.2.4.RELEASE\spring-aspects-4.2.4.RELEASE.jar;D:\WEB_maven\repo\org\aspectj\aspectjweaver\1.8.7\aspectjweaver-1.8.7.jar;D:\WEB_maven\repo\org\springframework\spring-jms\4.2.4.RELEASE\spring-jms-4.2.4.RELEASE.jar;D:\WEB_maven\repo\org\springframework\spring-messaging\4.2.4.RELEASE\spring-messaging-4.2.4.RELEASE.jar;D:\WEB_maven\repo\org\springframework\spring-orm\4.2.4.RELEASE\spring-orm-4.2.4.RELEASE.jar;D:\WEB_maven\repo\org\springframework\spring-aop\4.2.4.RELEASE\spring-aop-4.2.4.RELEASE.jar;D:\WEB_maven\repo\aopalliance\aopalliance\1.0\aopalliance-1.0.jar;D:\WEB_maven\repo\org\springframework\spring-oxm\4.2.4.RELEASE\spring-oxm-4.2.4.RELEASE.jar;D:\WEB_maven\repo\org\springframework\spring-expression\4.2.4.RELEASE\spring-expression-4.2.4.RELEASE.jar;D:\WEB_maven\repo\org\springframework\spring-context-support\4.2.4.RELEASE\spring-context-support-4.2.4.RELEASE.jar;D:\WEB_maven\repo\org\springframework\spring-tx\4.2.4.RELEASE\spring-tx-4.2.4.RELEASE.jar;D:\WEB_maven\repo\org\springframework\spring-test\4.2.4.RELEASE\spring-test-4.2.4.RELEASE.jar;D:\WEB_maven\repo\org\testng\testng\6.8\testng-6.8.jar;D:\WEB_maven\repo\org\beanshell\bsh\2.0b4\bsh-2.0b4.jar;D:\WEB_maven\repo\com\beust\jcommander\1.27\jcommander-1.27.jar;D:\WEB_maven\repo\org\yaml\snakeyaml\1.6\snakeyaml-1.6.jar;D:\WEB_maven\repo\org\mybatis\mybatis\3.4.4\mybatis-3.4.4.jar;D:\WEB_maven\repo\org\mybatis\mybatis-spring\1.3.0\mybatis-spring-1.3.0.jar;D:\WEB_maven\repo\com\github\miemiedev\mybatis-paginator\1.2.7\mybatis-paginator-1.2.7.jar;D:\WEB_maven\repo\org\mybatis\generator\mybatis-generator\1.3.2\mybatis-generator-1.3.2.jar;D:\WEB_maven\repo\com\github\pagehelper\pagehelper\4.1.1\pagehelper-4.1.1.jar;D:\WEB_maven\repo\com\github\jsqlparser\jsqlparser\0.9.1\jsqlparser-0.9.1.jar;D:\WEB_maven\repo\commons-dbcp\commons-dbcp\1.4\commons-dbcp-1.4.jar;D:\WEB_maven\repo\commons-pool\commons-pool\1.5.4\commons-pool-1.5.4.jar;D:\WEB_maven\repo\com\alibaba\druid\1.0.9\druid-1.0.9.jar;C:\Program Files\Java\jdk1.8.0_91\jre\..\lib\jconsole.jar;C:\Program Files\Java\jdk1.8.0_91\jre\..\lib\tools.jar;D:\WEB_maven\repo\com\alibaba\dubbo\2.5.3\dubbo-2.5.3.jar;D:\WEB_maven\repo\org\javassist\javassist\3.15.0-GA\javassist-3.15.0-GA.jar;D:\WEB_maven\repo\org\apache\zookeeper\zookeeper\3.4.7\zookeeper-3.4.7.jar;D:\WEB_maven\repo\org\slf4j\slf4j-api\1.6.1\slf4j-api-1.6.1.jar;D:\WEB_maven\repo\org\slf4j\slf4j-log4j12\1.6.4\slf4j-log4j12-1.6.4.jar;D:\WEB_maven\repo\log4j\log4j\1.2.16\log4j-1.2.16.jar;D:\WEB_maven\repo\jline\jline\0.9.94\jline-0.9.94.jar;D:\WEB_maven\repo\io\netty\netty\3.7.0.Final\netty-3.7.0.Final.jar;D:\WEB_maven\repo\com\github\sgroschupf\zkclient\0.1\zkclient-0.1.jar;D:\WEB_maven\repo\com\fasterxml\jackson\core\jackson-core\2.4.2\jackson-core-2.4.2.jar;D:\WEB_maven\repo\com\fasterxml\jackson\core\jackson-databind\2.4.2\jackson-databind-2.4.2.jar;D:\WEB_maven\repo\com\fasterxml\jackson\core\jackson-annotations\2.4.0\jackson-annotations-2.4.0.jar;D:\WEB_maven\repo\org\apache\maven\surefire\surefire-testng-utils\2.20.1\surefire-testng-utils-2.20.1.jar;D:\WEB_maven\repo\org\apache\maven\surefire\surefire-grouper\2.20.1\surefire-grouper-2.20.1.jar;"/>
    <property name="sun.cpu.endian" value="little"/>
    <property name="user.home" value="C:\Users\ZLS"/>
    <property name="user.language" value="zh"/>
    <property name="java.specification.vendor" value="Oracle Corporation"/>
    <property name="java.home" value="C:\Program Files\Java\jdk1.8.0_91\jre"/>
    <property name="basedir" value="D:\myCode\TestUtils\testutils_courtship\testutils_courtship_service"/>
    <property name="file.separator" value="\"/>
    <property name="line.separator" value="&#10;"/>
    <property name="java.vm.specification.vendor" value="Oracle Corporation"/>
    <property name="java.specification.name" value="Java Platform API Specification"/>
    <property name="java.awt.graphicsenv" value="sun.awt.Win32GraphicsEnvironment"/>
    <property name="surefire.real.class.path" value="C:\Users\ZLS\AppData\Local\Temp\surefire7923685543921765625\surefirebooter2187224128037473575.jar"/>
    <property name="sun.boot.class.path" value="C:\Program Files\Java\jdk1.8.0_91\jre\lib\resources.jar;C:\Program Files\Java\jdk1.8.0_91\jre\lib\rt.jar;C:\Program Files\Java\jdk1.8.0_91\jre\lib\sunrsasign.jar;C:\Program Files\Java\jdk1.8.0_91\jre\lib\jsse.jar;C:\Program Files\Java\jdk1.8.0_91\jre\lib\jce.jar;C:\Program Files\Java\jdk1.8.0_91\jre\lib\charsets.jar;C:\Program Files\Java\jdk1.8.0_91\jre\lib\jfr.jar;C:\Program Files\Java\jdk1.8.0_91\jre\classes"/>
    <property name="user.script" value=""/>
    <property name="sun.management.compiler" value="HotSpot 64-Bit Tiered Compilers"/>
    <property name="java.runtime.version" value="1.8.0_91-b14"/>
    <property name="user.name" value="ZLS"/>
    <property name="path.separator" value=";"/>
    <property name="os.version" value="10.0"/>
    <property name="java.endorsed.dirs" value="C:\Program Files\Java\jdk1.8.0_91\jre\lib\endorsed"/>
    <property name="java.runtime.name" value="Java(TM) SE Runtime Environment"/>
    <property name="file.encoding" value="GBK"/>
    <property name="java.vm.name" value="Java HotSpot(TM) 64-Bit Server VM"/>
    <property name="localRepository" value="D:\WEB_maven\repo"/>
    <property name="java.vendor.url.bug" value="http://bugreport.sun.com/bugreport/"/>
    <property name="java.io.tmpdir" value="C:\Users\ZLS\AppData\Local\Temp\"/>
    <property name="idea.version" value="2016.3.5"/>
    <property name="java.version" value="1.8.0_91"/>
    <property name="user.dir" value="D:\myCode\TestUtils\testutils_courtship\testutils_courtship_service"/>
    <property name="os.arch" value="amd64"/>
    <property name="java.vm.specification.name" value="Java Virtual Machine Specification"/>
    <property name="java.awt.printerjob" value="sun.awt.windows.WPrinterJob"/>
    <property name="sun.os.patch.level" value=""/>
    <property name="java.library.path" value="C:\Program Files\Java\jdk1.8.0_91\jre\bin;C:\WINDOWS\Sun\Java\bin;C:\WINDOWS\system32;C:\WINDOWS;F:\app\ZLS\product\11.2.0\dbhome_1\bin;C:\ProgramData\Oracle\Java\javapath;C:\windows\system32;C:\windows;C:\windows\System32\Wbem;C:\windows\System32\WindowsPowerShell\v1.0\;C:\Program Files (x86)\NVIDIA Corporation\PhysX\Common;C:\WINDOWS\system32;C:\WINDOWS;C:\WINDOWS\System32\Wbem;C:\WINDOWS\System32\WindowsPowerShell\v1.0\;D:\sql\msql\mysql-5.7.18-winx64\bin;&quot;C:\Program Files\Java\jdk1.8.0_91\bin;&quot;;&quot;C:\Program Files\Java\jdk1.8.0_91\jre\bin;C:\Program Files (x86)\Windows Kits\8.1\Windows Performance Toolkit\;C:\Program Files\Microsoft SQL Server\110\Tools\Binn\;C:\Program Files (x86)\Microsoft SQL Server\130\Tools\Binn\;C:\Program Files\Microsoft SQL Server\130\Tools\Binn\;C:\Program Files (x86)\Microsoft SQL Server\130\DTS\Binn\;C:\Program Files\Microsoft SQL Server\130\DTS\Binn\;C:\Program Files\Microsoft SQL Server\Client SDK\ODBC\130\Tools\Binn\;E:\Git\cmd;C:\Program Files\MySQL\MySQL Utilities 1.6\;C:\Program Files (x86)\IVI Foundation\VISA\WinNT\Bin\;C:\Program Files\IVI Foundation\VISA\Win64\Bin\;C:\Program Files\Agilent\IO Libraries Suite\bin;C:\Program Files\IVI Foundation\VISA\Win64\agvisa;C:\Program Files (x86)\Agilent\IO Libraries Suite\bin;C:\Program Files (x86)\IVI Foundation\VISA\WinNT\agvisa;D:\studyTool\nodejs\&quot;;D:\studyTool\nodejs;C:\Program Files\Intel\WiFi\bin\;C:\Program Files\Common Files\Intel\WirelessCommon\;D:\Gradle\gradle-4.6\bin;D:\studyTool\py3.6.4\Scripts\;D:\studyTool\py3.6.4\;C:\Users\ZLS\AppData\Local\Microsoft\WindowsApps;;C:\Users\ZLS\AppData\Roaming\npm;D:\studyTool\Microsoft VS Code\bin;C:\Program Files\Intel\WiFi\bin\;C:\Program Files\Common Files\Intel\WirelessCommon\;."/>
    <property name="java.vm.info" value="mixed mode"/>
    <property name="java.vendor" value="Oracle Corporation"/>
    <property name="java.vm.version" value="25.91-b14"/>
    <property name="java.ext.dirs" value="C:\Program Files\Java\jdk1.8.0_91\jre\lib\ext;C:\WINDOWS\Sun\Java\lib\ext"/>
    <property name="sun.io.unicode.encoding" value="UnicodeLittle"/>
    <property name="maven.repo.local" value="D:\WEB_maven\repo"/>
    <property name="java.class.version" value="52.0"/>
  </properties>
  <testcase name="shouldAnswerWithTrue on shouldAnswerWithTrue(cn.testutils.AppTest)" classname="cn.testutils.AppTest" time="0.001"/>
</testsuite>